"C:\Program Files\JetBrains\CLion-2019.3.2.win\bin\cmake\win\bin\cmake.exe" -DCMAKE_BUILD_TYPE=Debug -G "CodeBlocks - NMake Makefiles" C:\Users\jibis\Documents\College\ToA\TheoryOfAlgorithms
CMake Warning (dev) in CMakeLists.txt:
  No project() command is present.  The top-level CMakeLists.txt file must
  contain a literal, direct call to the project() command.  Add a line of
  code such as

    project(ProjectName)

  near the top of the file, but after cmake_minimum_required().

  CMake is pretending there is a "project(Project)" command on the first
  line.
This warning is for project developers.  Use -Wno-dev to suppress it.

-- The C compiler identification is unknown
-- The CXX compiler identification is MSVC 19.25.28508.3
CMake Error in CMakeLists.txt:
  The CMAKE_C_COMPILER:

    C:/Program Files (x86)/Microsoft Visual Studio/2019/Preview/VC/Tools/MSVC/14.24.28307/bin/Hostx86/x86/cl.exe

  is not a full path to an existing compiler tool.

  To use the NMake generator with Visual C++, cmake must be run from a shell
  that can use the compiler cl from the command line.  This environment is
  unable to invoke the cl compiler.  To fix this problem, run cmake from the
  Visual Studio Command Prompt (vcvarsall.bat).

  Tell CMake where to find the compiler by setting either the environment
  variable "CC" or the CMake cache entry CMAKE_C_COMPILER to the full path to
  the compiler, or to the compiler name if it is in the PATH.


-- Check for working CXX compiler: C:/Program Files (x86)/Microsoft Visual Studio/2019/Preview/VC/Tools/MSVC/14.25.28508/bin/Hostx86/x86/cl.exe
-- Check for working CXX compiler: C:/Program Files (x86)/Microsoft Visual Studio/2019/Preview/VC/Tools/MSVC/14.25.28508/bin/Hostx86/x86/cl.exe -- broken
CMake Error at C:/Program Files/JetBrains/CLion-2019.3.2.win/bin/cmake/win/share/cmake-3.15/Modules/CMakeTestCXXCompiler.cmake:53 (message):
  The C++ compiler

    "C:/Program Files (x86)/Microsoft Visual Studio/2019/Preview/VC/Tools/MSVC/14.25.28508/bin/Hostx86/x86/cl.exe"

  is not able to compile a simple test program.

  It fails with the following output:

    Change Dir: C:/Users/jibis/Documents/College/ToA/TheoryOfAlgorithms/cmake-build-debug/CMakeFiles/CMakeTmp
    
    Run Build Command(s):nmake /nologo cmTC_81728\fast && 	"C:\Program Files (x86)\Microsoft Visual Studio\2019\Preview\VC\Tools\MSVC\14.25.28508\bin\HostX86\x86\nmake.exe" -f CMakeFiles\cmTC_81728.dir\build.make /nologo -L                  CMakeFiles\cmTC_81728.dir\build
    Building CXX object CMakeFiles/cmTC_81728.dir/testCXXCompiler.cxx.obj
    	C:\PROGRA~2\MICROS~1\2019\Preview\VC\Tools\MSVC\1425~1.285\bin\Hostx86\x86\cl.exe @C:\Users\jibis\AppData\Local\Temp\nm4009.tmp
    testCXXCompiler.cxx
    Linking CXX executable cmTC_81728.exe
    	"C:\Program Files\JetBrains\CLion-2019.3.2.win\bin\cmake\win\bin\cmake.exe" -E vs_link_exe --intdir=CMakeFiles\cmTC_81728.dir --rc=C:\PROGRA~2\WI3CF2~1\10\bin\100183~1.0\x86\rc.exe --mt=C:\PROGRA~2\WI3CF2~1\10\bin\100183~1.0\x86\mt.exe --manifests  -- "C:\Program Files (x86)\Microsoft Visual Studio\2019\Preview\VC\Tools\MSVC\14.24.28307\bin\Hostx86\x86\link.exe" /nologo @CMakeFiles\cmTC_81728.dir\objects1.rsp @C:\Users\jibis\AppData\Local\Temp\nm4058.tmp
    LINK Pass 1: command "C:\Program Files (x86)\Microsoft Visual Studio\2019\Preview\VC\Tools\MSVC\14.24.28307\bin\Hostx86\x86\link.exe /nologo @CMakeFiles\cmTC_81728.dir\objects1.rsp /out:cmTC_81728.exe /implib:cmTC_81728.lib /pdb:C:\Users\jibis\Documents\College\ToA\TheoryOfAlgorithms\cmake-build-debug\CMakeFiles\CMakeTmp\cmTC_81728.pdb /version:0.0 /machine:X86 /debug /INCREMENTAL /subsystem:console kernel32.lib user32.lib gdi32.lib winspool.lib shell32.lib ole32.lib oleaut32.lib uuid.lib comdlg32.lib advapi32.lib /MANIFEST /MANIFESTFILE:CMakeFiles\cmTC_81728.dir/intermediate.manifest CMakeFiles\cmTC_81728.dir/manifest.res" failed (exit code 0) with the following output:
    The system cannot find the file specifiedNMAKE : fatal error U1077: '"C:\Program Files\JetBrains\CLion-2019.3.2.win\bin\cmake\win\bin\cmake.exe"' : return code '0xffffffff'
    Stop.
    NMAKE : fatal error U1077: '"C:\Program Files (x86)\Microsoft Visual Studio\2019\Preview\VC\Tools\MSVC\14.25.28508\bin\HostX86\x86\nmake.exe"' : return code '0x2'
    Stop.
    
    

  

  CMake will not be able to correctly generate this project.


-- Configuring incomplete, errors occurred!
See also "C:/Users/jibis/Documents/College/ToA/TheoryOfAlgorithms/cmake-build-debug/CMakeFiles/CMakeOutput.log".
See also "C:/Users/jibis/Documents/College/ToA/TheoryOfAlgorithms/cmake-build-debug/CMakeFiles/CMakeError.log".
Cannot read C:\Users\jibis\Documents\College\ToA\TheoryOfAlgorithms\cmake-build-debug\CMakeFiles\3.15.3\CMakeCCompiler.cmake

Cannot get compiler information:
	Cannot run program "C:\Program Files (x86)\Microsoft Visual Studio\2019\Preview\VC\Tools\MSVC\14.24.28307\bin\Hostx86\x86\cl.exe" (in directory "C:\Users\jibis\Documents\College\ToA\TheoryOfAlgorithms\cmake-build-debug"): CreateProcess error=2, The system cannot find the file specified
